<?xml version="1.0" encoding="UTF-8"?>
<!-- Generated by org.testng.reporters.JUnitXMLReporter -->
<testsuite ignored="0" hostname="ParamiPC" failures="0" tests="3" name="Default test" time="13.842" errors="0" timestamp="2022-06-10T16:35:31 EDT">
  <testcase classname="test_scenarios.FacebookBasicTestSpec" name="verifyLogin" time="5.038"/>
  <testcase classname="test_scenarios.FacebookBasicTestSpec" name="postStatus" time="1.828"/>
  <testcase classname="test_scenarios.FacebookBasicTestSpec" name="verifyStatus" time="2.65"/>
</testsuite> <!-- Default test -->
