<?xml version="1.0" encoding="UTF-8"?>
<!-- Generated by org.testng.reporters.JUnitXMLReporter -->
<testsuite ignored="0" hostname="ParamiPC" failures="0" tests="3" name="Default test" time="16.294" errors="0" timestamp="2022-06-10T14:18:42 EDT">
  <testcase classname="test_scenarios.FacebookBasicTestSpec" name="verifyLogin" time="4.572"/>
  <testcase classname="test_scenarios.FacebookBasicTestSpec" name="postStatus" time="2.104"/>
  <testcase classname="test_scenarios.FacebookBasicTestSpec" name="verifyStatus" time="2.121"/>
</testsuite> <!-- Default test -->
